<?xml version="1.0" encoding="UTF-8"?>
<testsuite xmlns:xsi="http://www.w3.org/2001/XMLSchema-instance" xsi:noNamespaceSchemaLocation="https://maven.apache.org/surefire/maven-surefire-plugin/xsd/surefire-test-report-3.0.xsd" version="3.0" name="com.product.test.runner.TestRunner" time="17.479" tests="1" errors="0" skipped="0" failures="0">
  <properties>
[...]
</properties>
  <testcase name="Validate the product added to wishlist and cart" classname="Products Wishlist" time="16.537">
    <system-out><![CDATA[
@Products
Scenario: Validate the product added to wishlist and cart &amp#27;[90m# src/test/resources/features/products.feature:4&amp#27;[0m
  &amp#27;[32mGiven &amp#27;[0m&amp#27;[32mI add four different products to my wish list&amp#27;[0m     &amp#27;[90m# com.product.test.stepdef.ProductsTestDefinition.productSelect()&amp#27;[0m
  &amp#27;[32mWhen &amp#27;[0m&amp#27;[32mI view my wishlist table&amp#27;[0m                           &amp#27;[90m# com.product.test.stepdef.ProductsTestDefinition.iViewMyWishlistTable()&amp#27;[0m
  &amp#27;[32mAnd &amp#27;[0m&amp#27;[32mI find total &amp#27;[0m&amp#27;[32m&amp#27;[1m4&amp#27;[0m&amp#27;[32m selected items in my Wishlist&amp#27;[0m        &amp#27;[90m# com.product.test.stepdef.ProductsTestDefinition.iFindTotalFourSelectedItemsInMyWishlist(int)&amp#27;[0m
  &amp#27;[32mAnd &amp#27;[0m&amp#27;[32mI search for lowest price product&amp#27;[0m                   &amp#27;[90m# com.product.test.stepdef.ProductsTestDefinition.iSearchForLowestPriceProduct()&amp#27;[0m
  &amp#27;[32mAnd &amp#27;[0m&amp#27;[32mI am able to add the lowest price item to my cart&amp#27;[0m   &amp#27;[90m# com.product.test.stepdef.ProductsTestDefinition.iAmAbleToAddTheLowestPriceItemToMyCart()&amp#27;[0m
  &amp#27;[32mThen &amp#27;[0m&amp#27;[32mI am able to verify the item in my cart&amp#27;[0m            &amp#27;[90m# com.product.test.stepdef.ProductsTestDefinition.iAmAbleToVerifyTheItemInMyCart()&amp#27;[0m
]]></system-out>
    <system-err><![CDATA[SLF4J: Failed to load class "org.slf4j.impl.StaticLoggerBinder".
SLF4J: Defaulting to no-operation (NOP) logger implementation
SLF4J: See http://www.slf4j.org/codes.html#StaticLoggerBinder for further details.
Starting ChromeDriver 92.0.4515.107 (87a818b10553a07434ea9e2b6dccf3cbe7895134-refs/branch-heads/4515@{#1634}) on port 30298
Only local connections are allowed.
Please see https://chromedriver.chromium.org/security-considerations for suggestions on keeping ChromeDriver safe.
ChromeDriver was started successfully.
log4j:WARN No appenders could be found for logger (org.apache.http.client.protocol.RequestAddCookies).
log4j:WARN Please initialize the log4j system properly.
log4j:WARN See http://logging.apache.org/log4j/1.2/faq.html#noconfig for more info.
Aug 30, 2021 9:13:40 PM org.openqa.selenium.remote.ProtocolHandshake createSession
INFO: Detected dialect: W3C
]]></system-err>
  </testcase>
</testsuite>